Using pre-set license
Built from '2020.3/staging' branch; Version is '2020.3.29f1 (2ff179115da0) revision 3142009'; Using compiler version '192528614'; Build Type 'Release'
OS: 'Windows 10  (10.0.19042) 64bit Core' Language: 'fi' Physical Memory: 16311 MB
BatchMode: 1, IsHumanControllingUs: 0, StartBugReporterOnCrash: 0, Is64bit: 1, IsPro: 0

COMMAND LINE ARGUMENTS:
C:\Program Files\Unity\Hub\Editor\2020.3.29f1\Editor\Unity.exe
-adb2
-batchMode
-noUpm
-name
AssetImportWorker0
-projectPath
D:/opiskelu/harjoittelu2/VirtualFittingroom (1)
-logFile
Logs/AssetImportWorker0.log
-srvPort
61386
Successfully changed project path to: D:/opiskelu/harjoittelu2/VirtualFittingroom (1)
D:/opiskelu/harjoittelu2/VirtualFittingroom (1)
Using Asset Import Pipeline V2.
Refreshing native plugins compatible for Editor in 85.29 ms, found 11 plugins.
Preloading 1 native plugins for Editor in 1.20 ms.
Initialize engine version: 2020.3.29f1 (2ff179115da0)
[Subsystems] Discovering subsystems at path C:/Program Files/Unity/Hub/Editor/2020.3.29f1/Editor/Data/Resources/UnitySubsystems
[Subsystems] Discovering subsystems at path D:/opiskelu/harjoittelu2/VirtualFittingroom (1)/Assets
GfxDevice: creating device client; threaded=0
Direct3D:
    Version:  Direct3D 11.0 [level 11.1]
    Renderer: AMD Radeon (TM) R9 390 Series (ID=0x67b1)
    Vendor:   
    VRAM:     8168 MB
    Driver:   27.20.14540.4003
Initialize mono
Mono path[0] = 'C:/Program Files/Unity/Hub/Editor/2020.3.29f1/Editor/Data/Managed'
Mono path[1] = 'C:/Program Files/Unity/Hub/Editor/2020.3.29f1/Editor/Data/MonoBleedingEdge/lib/mono/unityjit'
Mono config path = 'C:/Program Files/Unity/Hub/Editor/2020.3.29f1/Editor/Data/MonoBleedingEdge/etc'
Using monoOptions --debugger-agent=transport=dt_socket,embedding=1,server=y,suspend=n,address=127.0.0.1:56136
Begin MonoManager ReloadAssembly
Registering precompiled unity dll's ...
Register platform support module: C:/Program Files/Unity/Hub/Editor/2020.3.29f1/Editor/Data/PlaybackEngines/WebGLSupport/UnityEditor.WebGL.Extensions.dll
Register platform support module: C:/Program Files/Unity/Hub/Editor/2020.3.29f1/Editor/Data/PlaybackEngines/WindowsStandaloneSupport/UnityEditor.WindowsStandalone.Extensions.dll
Registered in 0.002844 seconds.
Native extension for WindowsStandalone target not found
Native extension for WebGL target not found
Refreshing native plugins compatible for Editor in 59.42 ms, found 11 plugins.
Preloading 1 native plugins for Editor in 0.07 ms.
Mono: successfully reloaded assembly
- Completed reload, in  0.708 seconds
Domain Reload Profiling:
	ReloadAssembly (709ms)
		BeginReloadAssembly (76ms)
			ExecutionOrderSort (0ms)
			DisableScriptedObjects (0ms)
			BackupInstance (0ms)
			ReleaseScriptingObjects (0ms)
			CreateAndSetChildDomain (1ms)
		EndReloadAssembly (548ms)
			LoadAssemblies (73ms)
			RebuildTransferFunctionScriptingTraits (0ms)
			SetupTypeCache (187ms)
			ReleaseScriptCaches (0ms)
			RebuildScriptCaches (33ms)
			SetupLoadedEditorAssemblies (219ms)
				LogAssemblyErrors (0ms)
				InitializePlatformSupportModulesInManaged (6ms)
				SetLoadedEditorAssemblies (0ms)
				RefreshPlugins (60ms)
				BeforeProcessingInitializeOnLoad (9ms)
				ProcessInitializeOnLoadAttributes (106ms)
				ProcessInitializeOnLoadMethodAttributes (38ms)
				AfterProcessingInitializeOnLoad (0ms)
				EditorAssembliesLoaded (0ms)
			ExecutionOrderSort2 (0ms)
			AwakeInstancesAfterBackupRestoration (0ms)
Platform modules already initialized, skipping
Registering precompiled user dll's ...
Registered in 0.010549 seconds.
Begin MonoManager ReloadAssembly
Native extension for WindowsStandalone target not found
Native extension for WebGL target not found
Refreshing native plugins compatible for Editor in 55.05 ms, found 11 plugins.
Preloading 1 native plugins for Editor in 0.10 ms.
[XR] OculusXRPlugin: registering subsystems
[XR] Unable to register display lifecyle provider: [1]
[XR] Oculus Input lifecycle provider registered.
[XR] Unable to register input lifecyle provider: [1]
System.Reflection.TargetInvocationException: Exception has been thrown by the target of an invocation. ---> System.NullReferenceException: Object reference not set to an instance of an object
  at Unity.XR.Oculus.OculusLoader.AssetPathToAbsolutePath (System.String assetPath) [0x00048] in D:\opiskelu\harjoittelu2\VirtualFittingroom (1)\Library\PackageCache\com.unity.xr.oculus@1.11.2\Runtime\OculusLoader.cs:250 
  at Unity.XR.Oculus.OculusLoader.EditorLoadOVRPlugin () [0x0007b] in D:\opiskelu\harjoittelu2\VirtualFittingroom (1)\Library\PackageCache\com.unity.xr.oculus@1.11.2\Runtime\OculusLoader.cs:235 
  at (wrapper managed-to-native) System.Reflection.MonoMethod.InternalInvoke(System.Reflection.MonoMethod,object,object[],System.Exception&)
  at System.Reflection.MonoMethod.Invoke (System.Object obj, System.Reflection.BindingFlags invokeAttr, System.Reflection.Binder binder, System.Object[] parameters, System.Globalization.CultureInfo culture) [0x00032] in <695d1cc93cca45069c528c15c9fdd749>:0 
   --- End of inner exception stack trace ---
  at System.Reflection.MonoMethod.Invoke (System.Object obj, System.Reflection.BindingFlags invokeAttr, System.Reflection.Binder binder, System.Object[] parameters, System.Globalization.CultureInfo culture) [0x00048] in <695d1cc93cca45069c528c15c9fdd749>:0 
  at System.Reflection.MethodBase.Invoke (System.Object obj, System.Object[] parameters) [0x00000] in <695d1cc93cca45069c528c15c9fdd749>:0 
  at UnityEditor.EditorAssemblies.ProcessInitializeOnLoadMethodAttributes () [0x00047] in <7ebb9dc74040436998557fc331a964ba>:0 
UnityEngine.StackTraceUtility:ExtractStackTrace ()
UnityEngine.DebugLogHandler:LogFormat (UnityEngine.LogType,UnityEngine.Object,string,object[])
UnityEngine.Logger:Log (UnityEngine.LogType,object)
UnityEngine.Debug:LogError (object)
UnityEditor.EditorAssemblies:ProcessInitializeOnLoadMethodAttributes ()

Mono: successfully reloaded assembly
- Completed reload, in  1.349 seconds
Domain Reload Profiling:
	ReloadAssembly (1350ms)
		BeginReloadAssembly (172ms)
			ExecutionOrderSort (0ms)
			DisableScriptedObjects (6ms)
			BackupInstance (0ms)
			ReleaseScriptingObjects (0ms)
			CreateAndSetChildDomain (20ms)
		EndReloadAssembly (1108ms)
			LoadAssemblies (116ms)
			RebuildTransferFunctionScriptingTraits (0ms)
			SetupTypeCache (385ms)
			ReleaseScriptCaches (1ms)
			RebuildScriptCaches (56ms)
			SetupLoadedEditorAssemblies (426ms)
				LogAssemblyErrors (0ms)
				InitializePlatformSupportModulesInManaged (5ms)
				SetLoadedEditorAssemblies (0ms)
				RefreshPlugins (55ms)
				BeforeProcessingInitializeOnLoad (74ms)
				ProcessInitializeOnLoadAttributes (259ms)
				ProcessInitializeOnLoadMethodAttributes (23ms)
				AfterProcessingInitializeOnLoad (8ms)
				EditorAssembliesLoaded (0ms)
			ExecutionOrderSort2 (0ms)
			AwakeInstancesAfterBackupRestoration (6ms)
Platform modules already initialized, skipping
========================================================================
Worker process is ready to serve import requests
Launched and connected shader compiler UnityShaderCompiler.exe after 0.10 seconds
Refreshing native plugins compatible for Editor in 1.17 ms, found 11 plugins.
Preloading 1 native plugins for Editor in 0.09 ms.
Unloading 2640 Unused Serialized files (Serialized files now loaded: 0)
System memory in use before: 132.8 MB.
System memory in use after: 133.0 MB.

Unloading 53 unused Assets to reduce memory usage. Loaded Objects now: 3065.
Total: 3.652900 ms (FindLiveObjects: 0.211800 ms CreateObjectMapping: 0.139200 ms MarkObjects: 3.208500 ms  DeleteObjects: 0.092500 ms)

AssetImportParameters requested are different than current active one (requested -> active):
  custom:framework-win-MediaFoundation: 216162199b28c13a410421893ffa2e32 -> 
  custom:video-decoder-ogg-theora: a1e56fd34408186e4bbccfd4996cb3dc -> 
  custom:container-muxer-webm: aa71ff27fc2769a1b78a27578f13a17b -> 
  custom:container-demuxer-webm: 4f35f7cbe854078d1ac9338744f61a02 -> 
  custom:container-demuxer-ogg: 62fdf1f143b41e24485cea50d1cbac27 -> 
  custom:video-encoder-webm-vp8: eb34c28f22e8b96e1ab97ce403110664 -> 
  custom:video-decoder-webm-vp8: 9c59270c3fd7afecdb556c50c9e8de78 -> 
  custom:audio-decoder-ogg-vorbis: bf7c407c2cedff20999df2af8eb42d56 -> 
  custom:audio-encoder-webm-vorbis: bf7c407c2cedff20999df2af8eb42d56 -> 
========================================================================
Received Import Request.
  path: Assets/Prefabs/ForAssetBundles/Obi Cloth.prefab
  artifactKey: Guid(7894535fc4cd8d646b0aac106e496601) Importer(815301076,1909f56bfc062723c751e8b465ee728b)
Start importing Assets/Prefabs/ForAssetBundles/Obi Cloth.prefab using Guid(7894535fc4cd8d646b0aac106e496601) Importer(815301076,1909f56bfc062723c751e8b465ee728b)  -> (artifact id: 'efe44f64f29438b77a21ab384de579af') in 0.265314 seconds 
  Import took 0.281639 seconds .

========================================================================
Received Import Request.
  Time since last request: 10.468617 seconds.
  path: Assets/Prefabs/ForAssetBundles/Obi Cloth 1.prefab
  artifactKey: Guid(8912e8e6ca6551c489720222f3d449dc) Importer(815301076,1909f56bfc062723c751e8b465ee728b)
Start importing Assets/Prefabs/ForAssetBundles/Obi Cloth 1.prefab using Guid(8912e8e6ca6551c489720222f3d449dc) Importer(815301076,1909f56bfc062723c751e8b465ee728b)  -> (artifact id: 'a1ba482aa69d516907289a567406f884') in 0.047768 seconds 
  Import took 0.081073 seconds .

========================================================================
Received Import Request.
  Time since last request: 6.203909 seconds.
  path: Assets/Prefabs/ForAssetBundles/housut.prefab
  artifactKey: Guid(3e62b649824a0f4479adf203073b2179) Importer(815301076,1909f56bfc062723c751e8b465ee728b)
Start importing Assets/Prefabs/ForAssetBundles/housut.prefab using Guid(3e62b649824a0f4479adf203073b2179) Importer(815301076,1909f56bfc062723c751e8b465ee728b)  -> (artifact id: '375c30e4192a8dc07a00110df82bd328') in 0.129231 seconds 
  Import took 0.154213 seconds .

========================================================================
Received Import Request.
  Time since last request: 3.799379 seconds.
  path: Assets/Prefabs/ForAssetBundles/Obi Cloth 1.prefab
  artifactKey: Guid(8912e8e6ca6551c489720222f3d449dc) Importer(815301076,1909f56bfc062723c751e8b465ee728b)
Start importing Assets/Prefabs/ForAssetBundles/Obi Cloth 1.prefab using Guid(8912e8e6ca6551c489720222f3d449dc) Importer(815301076,1909f56bfc062723c751e8b465ee728b)  -> (artifact id: '1ce3c7f2febedf38e56d987fb29f0606') in 0.028108 seconds 
  Import took 0.062102 seconds .

========================================================================
Received Import Request.
  Time since last request: 43.443046 seconds.
  path: Assets/Prefabs/ForAssetBundles/Obi Cloth 1.prefab
  artifactKey: Guid(8912e8e6ca6551c489720222f3d449dc) Importer(815301076,1909f56bfc062723c751e8b465ee728b)
Start importing Assets/Prefabs/ForAssetBundles/Obi Cloth 1.prefab using Guid(8912e8e6ca6551c489720222f3d449dc) Importer(815301076,1909f56bfc062723c751e8b465ee728b)  -> (artifact id: 'cdd497b36a8d543c1e03e32fd6384c66') in 0.029489 seconds 
  Import took 0.071629 seconds .

========================================================================
Received Import Request.
  Time since last request: 10.811433 seconds.
  path: Assets/Prefabs/ForAssetBundles/housut.prefab
  artifactKey: Guid(3e62b649824a0f4479adf203073b2179) Importer(815301076,1909f56bfc062723c751e8b465ee728b)
Start importing Assets/Prefabs/ForAssetBundles/housut.prefab using Guid(3e62b649824a0f4479adf203073b2179) Importer(815301076,1909f56bfc062723c751e8b465ee728b)  -> (artifact id: '7253c4743406a0506e2bfcbf53ba268c') in 0.117129 seconds 
  Import took 0.142101 seconds .

========================================================================
Received Import Request.
  Time since last request: 14.655314 seconds.
  path: Assets/Prefabs/ForAssetBundles/liivi3.prefab
  artifactKey: Guid(a446b66dae2296a479ce52589d740a63) Importer(815301076,1909f56bfc062723c751e8b465ee728b)
Start importing Assets/Prefabs/ForAssetBundles/liivi3.prefab using Guid(a446b66dae2296a479ce52589d740a63) Importer(815301076,1909f56bfc062723c751e8b465ee728b)  -> (artifact id: 'a4ff471d84e6fd4eab32e8a4ff67f951') in 0.045519 seconds 
  Import took 0.069509 seconds .

AssetImportWorkerClient::OnTransportError - code=2 error=End of file
